<?xml version="1.0" encoding="UTF-8"?>
<!-- Generated by org.testng.reporters.JUnitReportReporter -->
<testsuite hostname="DESKTOP-P9RLJ9V" name="test.logintest" tests="1" failures="0" timestamp="24 Jan 2018 00:25:33 GMT" time="6.978" errors="0">
  <testcase name="mainTest" time="6.978" classname="test.logintest"/>
</testsuite> <!-- test.logintest -->
